Grid search reults exists for LETKF on ks with sigma_y = 1, ensemble size 5.
Grid search reults exists for LETKF on ks with sigma_y = 1, ensemble size 10.
Grid search reults exists for LETKF on ks with sigma_y = 1, ensemble size 15.
Grid search reults exists for LETKF on ks with sigma_y = 1, ensemble size 20.
Grid search reults exists for LETKF on ks with sigma_y = 1, ensemble size 40.
Grid search reults exists for LETKF on ks with sigma_y = 1, ensemble size 60.
Grid search reults exists for LETKF on ks with sigma_y = 1, ensemble size 100.
Grid search reults exists for EnKF_Sqrt on ks with sigma_y = 1, ensemble size 5.
Grid search reults exists for EnKF_Sqrt on ks with sigma_y = 1, ensemble size 10.
Grid search reults exists for EnKF_Sqrt on ks with sigma_y = 1, ensemble size 15.
Grid search reults exists for EnKF_Sqrt on ks with sigma_y = 1, ensemble size 20.
Grid search reults exists for EnKF_Sqrt on ks with sigma_y = 1, ensemble size 40.
Grid search reults exists for EnKF_Sqrt on ks with sigma_y = 1, ensemble size 60.
Grid search reults exists for EnKF_Sqrt on ks with sigma_y = 1, ensemble size 100.
Grid search reults exists for EnKF_PertObs on ks with sigma_y = 1, ensemble size 5.
Grid search reults exists for EnKF_PertObs on ks with sigma_y = 1, ensemble size 10.
Grid search reults exists for EnKF_PertObs on ks with sigma_y = 1, ensemble size 15.
Grid search reults exists for EnKF_PertObs on ks with sigma_y = 1, ensemble size 20.
Grid search reults exists for EnKF_PertObs on ks with sigma_y = 1, ensemble size 40.
Grid search reults exists for EnKF_PertObs on ks with sigma_y = 1, ensemble size 60.
Grid search reults exists for EnKF_PertObs on ks with sigma_y = 1, ensemble size 100.
Grid search reults exists for iEnKS on ks with sigma_y = 1, ensemble size 5.
Grid search reults exists for iEnKS on ks with sigma_y = 1, ensemble size 10.
Grid search reults exists for iEnKS on ks with sigma_y = 1, ensemble size 15.
Grid search reults exists for iEnKS on ks with sigma_y = 1, ensemble size 20.
Grid search reults exists for iEnKS on ks with sigma_y = 1, ensemble size 40.
Grid search reults exists for iEnKS on ks with sigma_y = 1, ensemble size 60.
Grid search reults exists for iEnKS on ks with sigma_y = 1, ensemble size 100.
Grid search reults exists for LETKF on ks with sigma_y = 0.7, ensemble size 5.
Grid search reults exists for LETKF on ks with sigma_y = 0.7, ensemble size 10.
Grid search reults exists for LETKF on ks with sigma_y = 0.7, ensemble size 15.
Grid search reults exists for LETKF on ks with sigma_y = 0.7, ensemble size 20.
Grid search reults exists for LETKF on ks with sigma_y = 0.7, ensemble size 40.
Grid search reults exists for LETKF on ks with sigma_y = 0.7, ensemble size 60.
Grid search reults exists for LETKF on ks with sigma_y = 0.7, ensemble size 100.
Grid search reults exists for EnKF_Sqrt on ks with sigma_y = 0.7, ensemble size 5.
Grid search reults exists for EnKF_Sqrt on ks with sigma_y = 0.7, ensemble size 10.
Grid search reults exists for EnKF_Sqrt on ks with sigma_y = 0.7, ensemble size 15.
Grid search reults exists for EnKF_Sqrt on ks with sigma_y = 0.7, ensemble size 20.
Grid search reults exists for EnKF_Sqrt on ks with sigma_y = 0.7, ensemble size 40.
Grid search reults exists for EnKF_Sqrt on ks with sigma_y = 0.7, ensemble size 60.
Grid search reults exists for EnKF_Sqrt on ks with sigma_y = 0.7, ensemble size 100.
Grid search reults exists for EnKF_PertObs on ks with sigma_y = 0.7, ensemble size 5.
Grid search reults exists for EnKF_PertObs on ks with sigma_y = 0.7, ensemble size 10.
Grid search reults exists for EnKF_PertObs on ks with sigma_y = 0.7, ensemble size 15.
Grid search reults exists for EnKF_PertObs on ks with sigma_y = 0.7, ensemble size 20.
Grid search reults exists for EnKF_PertObs on ks with sigma_y = 0.7, ensemble size 40.
Grid search reults exists for EnKF_PertObs on ks with sigma_y = 0.7, ensemble size 60.
Grid search reults exists for EnKF_PertObs on ks with sigma_y = 0.7, ensemble size 100.
Grid search reults exists for iEnKS on ks with sigma_y = 0.7, ensemble size 5.
Grid search reults exists for iEnKS on ks with sigma_y = 0.7, ensemble size 10.
Grid search reults exists for iEnKS on ks with sigma_y = 0.7, ensemble size 15.
Grid search reults exists for iEnKS on ks with sigma_y = 0.7, ensemble size 20.
Grid search reults exists for iEnKS on ks with sigma_y = 0.7, ensemble size 40.
Grid search reults exists for iEnKS on ks with sigma_y = 0.7, ensemble size 60.
Grid search reults exists for iEnKS on ks with sigma_y = 0.7, ensemble size 100.
Grid search reults exists for LETKF on lorenz96 with sigma_y = 1, ensemble size 5.
Grid search reults exists for LETKF on lorenz96 with sigma_y = 1, ensemble size 10.
Grid search reults exists for LETKF on lorenz96 with sigma_y = 1, ensemble size 15.
Grid search reults exists for LETKF on lorenz96 with sigma_y = 1, ensemble size 20.
Grid search reults exists for LETKF on lorenz96 with sigma_y = 1, ensemble size 40.
Grid search reults exists for LETKF on lorenz96 with sigma_y = 1, ensemble size 60.
Grid search reults exists for LETKF on lorenz96 with sigma_y = 1, ensemble size 100.
Grid search reults exists for EnKF_Sqrt on lorenz96 with sigma_y = 1, ensemble size 5.
Grid search reults exists for EnKF_Sqrt on lorenz96 with sigma_y = 1, ensemble size 10.
Grid search reults exists for EnKF_Sqrt on lorenz96 with sigma_y = 1, ensemble size 15.
Grid search reults exists for EnKF_Sqrt on lorenz96 with sigma_y = 1, ensemble size 20.
Grid search reults exists for EnKF_Sqrt on lorenz96 with sigma_y = 1, ensemble size 40.
Grid search reults exists for EnKF_Sqrt on lorenz96 with sigma_y = 1, ensemble size 60.
Grid search reults exists for EnKF_Sqrt on lorenz96 with sigma_y = 1, ensemble size 100.
Grid search reults exists for EnKF_PertObs on lorenz96 with sigma_y = 1, ensemble size 5.
Grid search reults exists for EnKF_PertObs on lorenz96 with sigma_y = 1, ensemble size 10.
Grid search reults exists for EnKF_PertObs on lorenz96 with sigma_y = 1, ensemble size 15.
Grid search reults exists for EnKF_PertObs on lorenz96 with sigma_y = 1, ensemble size 20.
Grid search reults exists for EnKF_PertObs on lorenz96 with sigma_y = 1, ensemble size 40.
Grid search reults exists for EnKF_PertObs on lorenz96 with sigma_y = 1, ensemble size 60.
Grid search reults exists for EnKF_PertObs on lorenz96 with sigma_y = 1, ensemble size 100.
Grid search reults exists for iEnKS on lorenz96 with sigma_y = 1, ensemble size 5.
Grid search reults exists for iEnKS on lorenz96 with sigma_y = 1, ensemble size 10.
Grid search reults exists for iEnKS on lorenz96 with sigma_y = 1, ensemble size 15.
Grid search reults exists for iEnKS on lorenz96 with sigma_y = 1, ensemble size 20.
Grid search reults exists for iEnKS on lorenz96 with sigma_y = 1, ensemble size 40.
Grid search reults exists for iEnKS on lorenz96 with sigma_y = 1, ensemble size 60.
Grid search reults exists for iEnKS on lorenz96 with sigma_y = 1, ensemble size 100.
Grid search reults exists for LETKF on lorenz96 with sigma_y = 0.7, ensemble size 5.
Grid search reults exists for LETKF on lorenz96 with sigma_y = 0.7, ensemble size 10.
Grid search reults exists for LETKF on lorenz96 with sigma_y = 0.7, ensemble size 15.
Grid search reults exists for LETKF on lorenz96 with sigma_y = 0.7, ensemble size 20.
Grid search reults exists for LETKF on lorenz96 with sigma_y = 0.7, ensemble size 40.
Grid search reults exists for LETKF on lorenz96 with sigma_y = 0.7, ensemble size 60.
Grid search reults exists for LETKF on lorenz96 with sigma_y = 0.7, ensemble size 100.
Grid search reults exists for EnKF_Sqrt on lorenz96 with sigma_y = 0.7, ensemble size 5.
Start grid search for EnKF_Sqrt on lorenz96 with sigma_y = 0.7, ensemble size 10.
Error: All elements in result_avg[0, :] are NaN. Unable to determine the best RMSE index.
Start grid search for EnKF_Sqrt on lorenz96 with sigma_y = 0.7, ensemble size 15.
Error: All elements in result_avg[0, :] are NaN. Unable to determine the best RMSE index.
Start grid search for EnKF_Sqrt on lorenz96 with sigma_y = 0.7, ensemble size 20.
Error: All elements in result_avg[0, :] are NaN. Unable to determine the best RMSE index.
Start grid search for EnKF_Sqrt on lorenz96 with sigma_y = 0.7, ensemble size 40.
Start grid search for EnKF_Sqrt on lorenz96 with sigma_y = 0.7, ensemble size 60.
Start grid search for EnKF_Sqrt on lorenz96 with sigma_y = 0.7, ensemble size 100.
Start grid search for EnKF_PertObs on lorenz96 with sigma_y = 0.7, ensemble size 5.
Start grid search for EnKF_PertObs on lorenz96 with sigma_y = 0.7, ensemble size 10.
Start grid search for EnKF_PertObs on lorenz96 with sigma_y = 0.7, ensemble size 15.
Start grid search for EnKF_PertObs on lorenz96 with sigma_y = 0.7, ensemble size 20.
Start grid search for EnKF_PertObs on lorenz96 with sigma_y = 0.7, ensemble size 40.
Start grid search for EnKF_PertObs on lorenz96 with sigma_y = 0.7, ensemble size 60.
Start grid search for EnKF_PertObs on lorenz96 with sigma_y = 0.7, ensemble size 100.
Start grid search for iEnKS on lorenz96 with sigma_y = 0.7, ensemble size 5.
Start grid search for iEnKS on lorenz96 with sigma_y = 0.7, ensemble size 10.
Start grid search for iEnKS on lorenz96 with sigma_y = 0.7, ensemble size 15.
Start grid search for iEnKS on lorenz96 with sigma_y = 0.7, ensemble size 20.
Start grid search for iEnKS on lorenz96 with sigma_y = 0.7, ensemble size 40.
Start grid search for iEnKS on lorenz96 with sigma_y = 0.7, ensemble size 60.
Start grid search for iEnKS on lorenz96 with sigma_y = 0.7, ensemble size 100.
Start grid search for EnKF_Sqrt on lorenz63 with sigma_y = 1, ensemble size 5.
Start grid search for EnKF_Sqrt on lorenz63 with sigma_y = 1, ensemble size 10.
Start grid search for EnKF_Sqrt on lorenz63 with sigma_y = 1, ensemble size 15.
Start grid search for EnKF_Sqrt on lorenz63 with sigma_y = 1, ensemble size 20.
Start grid search for EnKF_Sqrt on lorenz63 with sigma_y = 1, ensemble size 40.
Start grid search for EnKF_Sqrt on lorenz63 with sigma_y = 1, ensemble size 60.
Start grid search for EnKF_Sqrt on lorenz63 with sigma_y = 1, ensemble size 100.
Start grid search for EnKF_PertObs on lorenz63 with sigma_y = 1, ensemble size 5.
Start grid search for EnKF_PertObs on lorenz63 with sigma_y = 1, ensemble size 10.
Start grid search for EnKF_PertObs on lorenz63 with sigma_y = 1, ensemble size 15.
Start grid search for EnKF_PertObs on lorenz63 with sigma_y = 1, ensemble size 20.
Start grid search for EnKF_PertObs on lorenz63 with sigma_y = 1, ensemble size 40.
Start grid search for EnKF_PertObs on lorenz63 with sigma_y = 1, ensemble size 60.
Start grid search for EnKF_PertObs on lorenz63 with sigma_y = 1, ensemble size 100.
Start grid search for iEnKS on lorenz63 with sigma_y = 1, ensemble size 5.
Start grid search for iEnKS on lorenz63 with sigma_y = 1, ensemble size 10.
Start grid search for iEnKS on lorenz63 with sigma_y = 1, ensemble size 15.
Start grid search for iEnKS on lorenz63 with sigma_y = 1, ensemble size 20.
Start grid search for iEnKS on lorenz63 with sigma_y = 1, ensemble size 40.
Start grid search for iEnKS on lorenz63 with sigma_y = 1, ensemble size 60.
Start grid search for iEnKS on lorenz63 with sigma_y = 1, ensemble size 100.
Start grid search for EnKF_Sqrt on lorenz63 with sigma_y = 0.7, ensemble size 5.
Start grid search for EnKF_Sqrt on lorenz63 with sigma_y = 0.7, ensemble size 10.
Start grid search for EnKF_Sqrt on lorenz63 with sigma_y = 0.7, ensemble size 15.
Start grid search for EnKF_Sqrt on lorenz63 with sigma_y = 0.7, ensemble size 20.
Start grid search for EnKF_Sqrt on lorenz63 with sigma_y = 0.7, ensemble size 40.
Start grid search for EnKF_Sqrt on lorenz63 with sigma_y = 0.7, ensemble size 60.
Start grid search for EnKF_Sqrt on lorenz63 with sigma_y = 0.7, ensemble size 100.
Start grid search for EnKF_PertObs on lorenz63 with sigma_y = 0.7, ensemble size 5.
Start grid search for EnKF_PertObs on lorenz63 with sigma_y = 0.7, ensemble size 10.
Start grid search for EnKF_PertObs on lorenz63 with sigma_y = 0.7, ensemble size 15.
Start grid search for EnKF_PertObs on lorenz63 with sigma_y = 0.7, ensemble size 20.
Start grid search for EnKF_PertObs on lorenz63 with sigma_y = 0.7, ensemble size 40.
Start grid search for EnKF_PertObs on lorenz63 with sigma_y = 0.7, ensemble size 60.
Start grid search for EnKF_PertObs on lorenz63 with sigma_y = 0.7, ensemble size 100.
Start grid search for iEnKS on lorenz63 with sigma_y = 0.7, ensemble size 5.
Start grid search for iEnKS on lorenz63 with sigma_y = 0.7, ensemble size 10.
Start grid search for iEnKS on lorenz63 with sigma_y = 0.7, ensemble size 15.
Start grid search for iEnKS on lorenz63 with sigma_y = 0.7, ensemble size 20.
Start grid search for iEnKS on lorenz63 with sigma_y = 0.7, ensemble size 40.
Start grid search for iEnKS on lorenz63 with sigma_y = 0.7, ensemble size 60.
Start grid search for iEnKS on lorenz63 with sigma_y = 0.7, ensemble size 100.
