Grid search reults exists for LETKF on ks with sigma_y = 1, ensemble size 5.
Grid search reults exists for LETKF on ks with sigma_y = 1, ensemble size 10.
Grid search reults exists for LETKF on ks with sigma_y = 1, ensemble size 15.
Grid search reults exists for LETKF on ks with sigma_y = 1, ensemble size 20.
Grid search reults exists for LETKF on ks with sigma_y = 1, ensemble size 40.
Grid search reults exists for LETKF on ks with sigma_y = 1, ensemble size 60.
Grid search reults exists for LETKF on ks with sigma_y = 1, ensemble size 100.
Grid search reults exists for EnKF_Sqrt on ks with sigma_y = 1, ensemble size 5.
Grid search reults exists for EnKF_Sqrt on ks with sigma_y = 1, ensemble size 10.
Grid search reults exists for EnKF_Sqrt on ks with sigma_y = 1, ensemble size 15.
Grid search reults exists for EnKF_Sqrt on ks with sigma_y = 1, ensemble size 20.
Grid search reults exists for EnKF_Sqrt on ks with sigma_y = 1, ensemble size 40.
Grid search reults exists for EnKF_Sqrt on ks with sigma_y = 1, ensemble size 60.
Grid search reults exists for EnKF_Sqrt on ks with sigma_y = 1, ensemble size 100.
Grid search reults exists for EnKF_PertObs on ks with sigma_y = 1, ensemble size 5.
Grid search reults exists for EnKF_PertObs on ks with sigma_y = 1, ensemble size 10.
Grid search reults exists for EnKF_PertObs on ks with sigma_y = 1, ensemble size 15.
Grid search reults exists for EnKF_PertObs on ks with sigma_y = 1, ensemble size 20.
Grid search reults exists for EnKF_PertObs on ks with sigma_y = 1, ensemble size 40.
Grid search reults exists for EnKF_PertObs on ks with sigma_y = 1, ensemble size 60.
Grid search reults exists for EnKF_PertObs on ks with sigma_y = 1, ensemble size 100.
Grid search reults exists for iEnKS on ks with sigma_y = 1, ensemble size 5.
Grid search reults exists for iEnKS on ks with sigma_y = 1, ensemble size 10.
Grid search reults exists for iEnKS on ks with sigma_y = 1, ensemble size 15.
Grid search reults exists for iEnKS on ks with sigma_y = 1, ensemble size 20.
Grid search reults exists for iEnKS on ks with sigma_y = 1, ensemble size 40.
Grid search reults exists for iEnKS on ks with sigma_y = 1, ensemble size 60.
Grid search reults exists for iEnKS on ks with sigma_y = 1, ensemble size 100.
Grid search reults exists for LETKF on ks with sigma_y = 0.7, ensemble size 5.
Grid search reults exists for LETKF on ks with sigma_y = 0.7, ensemble size 10.
Grid search reults exists for LETKF on ks with sigma_y = 0.7, ensemble size 15.
Grid search reults exists for LETKF on ks with sigma_y = 0.7, ensemble size 20.
Grid search reults exists for LETKF on ks with sigma_y = 0.7, ensemble size 40.
Grid search reults exists for LETKF on ks with sigma_y = 0.7, ensemble size 60.
Grid search reults exists for LETKF on ks with sigma_y = 0.7, ensemble size 100.
Grid search reults exists for EnKF_Sqrt on ks with sigma_y = 0.7, ensemble size 5.
Grid search reults exists for EnKF_Sqrt on ks with sigma_y = 0.7, ensemble size 10.
Grid search reults exists for EnKF_Sqrt on ks with sigma_y = 0.7, ensemble size 15.
Grid search reults exists for EnKF_Sqrt on ks with sigma_y = 0.7, ensemble size 20.
Grid search reults exists for EnKF_Sqrt on ks with sigma_y = 0.7, ensemble size 40.
Grid search reults exists for EnKF_Sqrt on ks with sigma_y = 0.7, ensemble size 60.
Grid search reults exists for EnKF_Sqrt on ks with sigma_y = 0.7, ensemble size 100.
Grid search reults exists for EnKF_PertObs on ks with sigma_y = 0.7, ensemble size 5.
Grid search reults exists for EnKF_PertObs on ks with sigma_y = 0.7, ensemble size 10.
Grid search reults exists for EnKF_PertObs on ks with sigma_y = 0.7, ensemble size 15.
Grid search reults exists for EnKF_PertObs on ks with sigma_y = 0.7, ensemble size 20.
Grid search reults exists for EnKF_PertObs on ks with sigma_y = 0.7, ensemble size 40.
Grid search reults exists for EnKF_PertObs on ks with sigma_y = 0.7, ensemble size 60.
Grid search reults exists for EnKF_PertObs on ks with sigma_y = 0.7, ensemble size 100.
Grid search reults exists for iEnKS on ks with sigma_y = 0.7, ensemble size 5.
Grid search reults exists for iEnKS on ks with sigma_y = 0.7, ensemble size 10.
Grid search reults exists for iEnKS on ks with sigma_y = 0.7, ensemble size 15.
Grid search reults exists for iEnKS on ks with sigma_y = 0.7, ensemble size 20.
Grid search reults exists for iEnKS on ks with sigma_y = 0.7, ensemble size 40.
Grid search reults exists for iEnKS on ks with sigma_y = 0.7, ensemble size 60.
Grid search reults exists for iEnKS on ks with sigma_y = 0.7, ensemble size 100.
Start grid search for LETKF on lorenz96 with sigma_y = 1, ensemble size 5.
Start grid search for LETKF on lorenz96 with sigma_y = 1, ensemble size 10.
Start grid search for LETKF on lorenz96 with sigma_y = 1, ensemble size 15.
Start grid search for LETKF on lorenz96 with sigma_y = 1, ensemble size 20.
Start grid search for LETKF on lorenz96 with sigma_y = 1, ensemble size 40.
Start grid search for LETKF on lorenz96 with sigma_y = 1, ensemble size 60.
Start grid search for LETKF on lorenz96 with sigma_y = 1, ensemble size 100.
Start grid search for EnKF_Sqrt on lorenz96 with sigma_y = 1, ensemble size 5.
Start grid search for EnKF_Sqrt on lorenz96 with sigma_y = 1, ensemble size 10.
Start grid search for EnKF_Sqrt on lorenz96 with sigma_y = 1, ensemble size 15.
Start grid search for EnKF_Sqrt on lorenz96 with sigma_y = 1, ensemble size 20.
Start grid search for EnKF_Sqrt on lorenz96 with sigma_y = 1, ensemble size 40.
Start grid search for EnKF_Sqrt on lorenz96 with sigma_y = 1, ensemble size 60.
Start grid search for EnKF_Sqrt on lorenz96 with sigma_y = 1, ensemble size 100.
Start grid search for EnKF_PertObs on lorenz96 with sigma_y = 1, ensemble size 5.
Start grid search for EnKF_PertObs on lorenz96 with sigma_y = 1, ensemble size 10.
Start grid search for EnKF_PertObs on lorenz96 with sigma_y = 1, ensemble size 15.
Start grid search for EnKF_PertObs on lorenz96 with sigma_y = 1, ensemble size 20.
Start grid search for EnKF_PertObs on lorenz96 with sigma_y = 1, ensemble size 40.
Start grid search for EnKF_PertObs on lorenz96 with sigma_y = 1, ensemble size 60.
Start grid search for EnKF_PertObs on lorenz96 with sigma_y = 1, ensemble size 100.
Start grid search for iEnKS on lorenz96 with sigma_y = 1, ensemble size 5.
Start grid search for iEnKS on lorenz96 with sigma_y = 1, ensemble size 10.
Start grid search for iEnKS on lorenz96 with sigma_y = 1, ensemble size 15.
Start grid search for iEnKS on lorenz96 with sigma_y = 1, ensemble size 20.
Start grid search for iEnKS on lorenz96 with sigma_y = 1, ensemble size 40.
Start grid search for iEnKS on lorenz96 with sigma_y = 1, ensemble size 60.
Start grid search for iEnKS on lorenz96 with sigma_y = 1, ensemble size 100.
Start grid search for LETKF on lorenz96 with sigma_y = 0.7, ensemble size 5.
Start grid search for LETKF on lorenz96 with sigma_y = 0.7, ensemble size 10.
Start grid search for LETKF on lorenz96 with sigma_y = 0.7, ensemble size 15.
Start grid search for LETKF on lorenz96 with sigma_y = 0.7, ensemble size 20.
Start grid search for LETKF on lorenz96 with sigma_y = 0.7, ensemble size 40.
Start grid search for LETKF on lorenz96 with sigma_y = 0.7, ensemble size 60.
Start grid search for LETKF on lorenz96 with sigma_y = 0.7, ensemble size 100.
Start grid search for EnKF_Sqrt on lorenz96 with sigma_y = 0.7, ensemble size 5.
Start grid search for EnKF_Sqrt on lorenz96 with sigma_y = 0.7, ensemble size 10.
Traceback (most recent call last):
  File "/central/groups/astuart/bhchen/DapperGridSearch/grid_search.py", line 398, in <module>
    main(GRID_SEARCH_INFO)
  File "/central/groups/astuart/bhchen/DapperGridSearch/grid_search.py", line 358, in main
    best_rmse_ind = np.nanargmin(result_avg[0,:])
                    ^^^^^^^^^^^^^^^^^^^^^^^^^^^^^
  File "/home/bhchen/miniconda3/lib/python3.12/site-packages/numpy/lib/nanfunctions.py", line 552, in nanargmin
    raise ValueError("All-NaN slice encountered")
ValueError: All-NaN slice encountered
